#
# There is insufficient memory for the Java Runtime Environment to continue.
# Native memory allocation (mmap) failed to map 132120576 bytes for G1 virtual space
# Possible reasons:
#   The system is out of physical RAM or swap space
#   The process is running with CompressedOops enabled, and the Java Heap may be blocking the growth of the native heap
# Possible solutions:
#   Reduce memory load on the system
#   Increase physical memory or swap space
#   Check if swap backing store is full
#   Decrease Java heap size (-Xmx/-Xms)
#   Decrease number of Java threads
#   Decrease Java thread stack sizes (-Xss)
#   Set larger code cache with -XX:ReservedCodeCacheSize=
#   JVM is running with Unscaled Compressed Oops mode in which the Java heap is
#     placed in the first 4GB address space. The Java Heap base address is the
#     maximum limit for the native heap growth. Please use -XX:HeapBaseMinAddress
#     to set the Java Heap base and to place the Java Heap above 4GB virtual address.
# This output file may be truncated or incomplete.
#
#  Out of Memory Error (os_windows.cpp:3769), pid=14024, tid=60752
#
# JRE version:  (17.0.6+10) (build )
# Java VM: OpenJDK 64-Bit Server VM (17.0.6+10-b829.9, mixed mode, sharing, tiered, compressed oops, compressed class ptrs, g1 gc, windows-amd64)
# No core dump will be written. Minidumps are not enabled by default on client versions of Windows
#

---------------  S U M M A R Y ------------

Command Line: git4idea.http.GitAskPassApp Username for 'https://github.com': 

Host: 11th Gen Intel(R) Core(TM) i5-1135G7 @ 2.40GHz, 8 cores, 7G,  Windows 11 , 64 bit Build 22000 (10.0.22000.1880)
Time: Fri May 26 21:59:36 2023 Iran Standard Time elapsed time: 0.013637 seconds (0d 0h 0m 0s)

---------------  T H R E A D  ---------------

Current thread (0x000001c19b310490):  JavaThread "Unknown thread" [_thread_in_vm, id=60752, stack(0x000000ad40200000,0x000000ad40300000)]

Stack: [0x000000ad40200000,0x000000ad40300000]
Native frames: (J=compiled Java code, j=interpreted, Vv=VM code, C=native code)
V  [jvm.dll+0x683c5a]
V  [jvm.dll+0x842764]
V  [jvm.dll+0x843f5e]
V  [jvm.dll+0x8445c3]
V  [jvm.dll+0x249b75]
V  [jvm.dll+0x680b29]
V  [jvm.dll+0x67501a]
V  [jvm.dll+0x309acb]
V  [jvm.dll+0x310f86]
V  [jvm.dll+0x3608ee]
V  [jvm.dll+0x360b1f]
V  [jvm.dll+0x2dfbf8]
V  [jvm.dll+0x2e0b64]
V  [jvm.dll+0x814051]
V  [jvm.dll+0x36e6a1]
V  [jvm.dll+0x7f358c]
V  [jvm.dll+0x3f0e8f]
V  [jvm.dll+0x3f29d1]
C  [jli.dll+0x526b]
C  [ucrtbase.dll+0x26c0c]
C  [KERNEL32.DLL+0x155a0]
C  [ntdll.dll+0x485b]


---------------  P R O C E S S  ---------------

Threads class SMR info:
_java_thread_list=0x00007ffced09c058, length=0, elements={
}

Java Threads: ( => current thread )

Other Threads:
  0x000001c19b36b8b0 GCTaskThread "GC Thread#0" [stack: 0x000000ad40300000,0x000000ad40400000] [id=59156]
  0x000001c19b37c1a0 ConcurrentGCThread "G1 Main Marker" [stack: 0x000000ad40400000,0x000000ad40500000] [id=53316]
  0x000001c19b37d260 ConcurrentGCThread "G1 Conc#0" [stack: 0x000000ad40500000,0x000000ad40600000] [id=39992]

[error occurred during error reporting (printing all threads), id 0xc0000005, EXCEPTION_ACCESS_VIOLATION (0xc0000005) at pc=0x00007ffcec850797]

VM state: not at safepoint (not fully initialized)

VM Mutex/Monitor currently owned by a thread:  ([mutex/lock_event])
[0x000001c19b30cd40] Heap_lock - owner thread: 0x000001c19b310490

Heap address: 0x0000000083600000, size: 1994 MB, Compressed Oops mode: 32-bit

CDS archive(s) mapped at: [0x0000000000000000-0x0000000000000000-0x0000000000000000), size 0, SharedBaseAddress: 0x0000000800000000, ArchiveRelocationMode: 0.
Narrow klass base: 0x0000000000000000, Narrow klass shift: 0, Narrow klass range: 0x0

GC Precious Log:
<Empty>

Heap:
 garbage-first heap   total 0K, used 0K [0x0000000083600000, 0x0000000100000000)
  region size 1024K, 0 young (0K), 0 survivors (0K)

[error occurred during error reporting (printing heap information), id 0xc0000005, EXCEPTION_ACCESS_VIOLATION (0xc0000005) at pc=0x00007ffcecc3da49]

GC Heap History (0 events):
No events

Dll operation events (1 events):
Event: 0.007 Loaded shared library C:\Program Files\JetBrains\IntelliJ IDEA 2023.1.2\jbr\bin\java.dll

Deoptimization events (0 events):
No events

Classes unloaded (0 events):
No events

Classes redefined (0 events):
No events

Internal exceptions (0 events):
No events

VM Operations (0 events):
No events

Events (0 events):
No events


Dynamic libraries:
0x00007ff796d40000 - 0x00007ff796d4a000 	C:\Program Files\JetBrains\IntelliJ IDEA 2023.1.2\jbr\bin\java.exe
0x00007ffd41cc0000 - 0x00007ffd41ec9000 	C:\WINDOWS\SYSTEM32\ntdll.dll
0x00007ffd405b0000 - 0x00007ffd4066e000 	C:\WINDOWS\System32\KERNEL32.DLL
0x00007ffd3f170000 - 0x00007ffd3f4f4000 	C:\WINDOWS\System32\KERNELBASE.dll
0x00007ffd3f500000 - 0x00007ffd3f611000 	C:\WINDOWS\System32\ucrtbase.dll
0x00007ffd34b30000 - 0x00007ffd34b47000 	C:\Program Files\JetBrains\IntelliJ IDEA 2023.1.2\jbr\bin\jli.dll
0x00007ffd0f710000 - 0x00007ffd0f72b000 	C:\Program Files\JetBrains\IntelliJ IDEA 2023.1.2\jbr\bin\VCRUNTIME140.dll
0x00007ffd416e0000 - 0x00007ffd4188d000 	C:\WINDOWS\System32\USER32.dll
0x00007ffd3fa80000 - 0x00007ffd3faa6000 	C:\WINDOWS\System32\win32u.dll
0x00007ffd3ff40000 - 0x00007ffd3ff6a000 	C:\WINDOWS\System32\GDI32.dll
0x00007ffd1d100000 - 0x00007ffd1d3a5000 	C:\WINDOWS\WinSxS\amd64_microsoft.windows.common-controls_6595b64144ccf1df_6.0.22000.120_none_9d947278b86cc467\COMCTL32.dll
0x00007ffd3f690000 - 0x00007ffd3f7af000 	C:\WINDOWS\System32\gdi32full.dll
0x00007ffd3f920000 - 0x00007ffd3f9bd000 	C:\WINDOWS\System32\msvcp_win.dll
0x00007ffd3fb30000 - 0x00007ffd3fbd3000 	C:\WINDOWS\System32\msvcrt.dll
0x00007ffd41b60000 - 0x00007ffd41b91000 	C:\WINDOWS\System32\IMM32.DLL
0x00007ffd2b930000 - 0x00007ffd2b93c000 	C:\Program Files\JetBrains\IntelliJ IDEA 2023.1.2\jbr\bin\vcruntime140_1.dll
0x00007ffcf9270000 - 0x00007ffcf92fd000 	C:\Program Files\JetBrains\IntelliJ IDEA 2023.1.2\jbr\bin\msvcp140.dll
0x00007ffcec560000 - 0x00007ffced1ce000 	C:\Program Files\JetBrains\IntelliJ IDEA 2023.1.2\jbr\bin\server\jvm.dll
0x00007ffd413b0000 - 0x00007ffd4145f000 	C:\WINDOWS\System32\ADVAPI32.dll
0x00007ffd41620000 - 0x00007ffd416be000 	C:\WINDOWS\System32\sechost.dll
0x00007ffd41890000 - 0x00007ffd419b1000 	C:\WINDOWS\System32\RPCRT4.dll
0x00007ffd3a8b0000 - 0x00007ffd3a8e3000 	C:\WINDOWS\SYSTEM32\WINMM.dll
0x00007ffd3a4c0000 - 0x00007ffd3a4ca000 	C:\WINDOWS\SYSTEM32\VERSION.dll
0x00007ffd3b000000 - 0x00007ffd3b009000 	C:\WINDOWS\SYSTEM32\WSOCK32.dll
0x00007ffd3fd90000 - 0x00007ffd3fdff000 	C:\WINDOWS\System32\WS2_32.dll
0x00007ffd3e1b0000 - 0x00007ffd3e1c8000 	C:\WINDOWS\SYSTEM32\kernel.appcore.dll
0x00007ffd3af80000 - 0x00007ffd3af8a000 	C:\Program Files\JetBrains\IntelliJ IDEA 2023.1.2\jbr\bin\jimage.dll
0x00007ffd3cb10000 - 0x00007ffd3cd31000 	C:\WINDOWS\SYSTEM32\DBGHELP.DLL
0x00007ffd38950000 - 0x00007ffd38981000 	C:\WINDOWS\SYSTEM32\dbgcore.DLL
0x00007ffd3fab0000 - 0x00007ffd3fb2f000 	C:\WINDOWS\System32\bcryptPrimitives.dll
0x00007ffd33990000 - 0x00007ffd339b5000 	C:\Program Files\JetBrains\IntelliJ IDEA 2023.1.2\jbr\bin\java.dll

dbghelp: loaded successfully - version: 4.0.5 - missing functions: none
symbol engine: initialized successfully - sym options: 0x614 - pdb path: .;C:\Program Files\JetBrains\IntelliJ IDEA 2023.1.2\jbr\bin;C:\WINDOWS\SYSTEM32;C:\WINDOWS\WinSxS\amd64_microsoft.windows.common-controls_6595b64144ccf1df_6.0.22000.120_none_9d947278b86cc467;C:\Program Files\JetBrains\IntelliJ IDEA 2023.1.2\jbr\bin\server

VM Arguments:
java_command: git4idea.http.GitAskPassApp Username for 'https://github.com': 
java_class_path (initial): C:/Program Files/JetBrains/IntelliJ IDEA 2023.1.2/plugins/vcs-git/lib/git4idea-rt.jar;C:/Program Files/JetBrains/IntelliJ IDEA 2023.1.2/lib/externalProcess-rt.jar
Launcher Type: SUN_STANDARD

[Global flags]
     intx CICompilerCount                          = 4                                         {product} {ergonomic}
     uint ConcGCThreads                            = 2                                         {product} {ergonomic}
     uint G1ConcRefinementThreads                  = 8                                         {product} {ergonomic}
   size_t G1HeapRegionSize                         = 1048576                                   {product} {ergonomic}
    uintx GCDrainStackTargetSize                   = 64                                        {product} {ergonomic}
   size_t InitialHeapSize                          = 132120576                                 {product} {ergonomic}
   size_t MarkStackSize                            = 4194304                                   {product} {ergonomic}
   size_t MaxHeapSize                              = 2090860544                                {product} {ergonomic}
   size_t MinHeapDeltaBytes                        = 1048576                                   {product} {ergonomic}
   size_t MinHeapSize                              = 8388608                                   {product} {ergonomic}
    uintx NonNMethodCodeHeapSize                   = 5839372                                {pd product} {ergonomic}
    uintx NonProfiledCodeHeapSize                  = 122909434                              {pd product} {ergonomic}
    uintx ProfiledCodeHeapSize                     = 122909434                              {pd product} {ergonomic}
    uintx ReservedCodeCacheSize                    = 251658240                              {pd product} {ergonomic}
     bool SegmentedCodeCache                       = true                                      {product} {ergonomic}
   size_t SoftMaxHeapSize                          = 2090860544                             {manageable} {ergonomic}
     bool UseCompressedClassPointers               = true                           {product lp64_product} {ergonomic}
     bool UseCompressedOops                        = true                           {product lp64_product} {ergonomic}
     bool UseG1GC                                  = true                                      {product} {ergonomic}
     bool UseLargePagesIndividualAllocation        = false                                  {pd product} {ergonomic}

Logging:
Log output configuration:
 #0: stdout all=warning uptime,level,tags
 #1: stderr all=off uptime,level,tags

Environment Variables:
PATH=C:\Program Files\Git\mingw64\libexec\git-core;C:\Program Files\Git\mingw64\libexec\git-core;C:\Program Files\Git\mingw64\bin;C:\Program Files\Git\usr\bin;C:\Users\mimhe\bin;C:\Program Files\Common Files\Oracle\Java\javapath;C:\Program Files (x86)\Common Files\Oracle\Java\javapath;C:\ProgramData\Oracle\Java\javapath;C:\Windows\system32;C:\Windows;C:\Windows\System32\Wbem;C:\Windows\System32\WindowsPowerShell\v1.0;C:\Windows\System32\OpenSSH;C:\Program Files (x86)\NVIDIA Corporation\PhysX\Common;C:\WINDOWS\system32;C:\WINDOWS;C:\WINDOWS\System32\Wbem;C:\WINDOWS\System32\WindowsPowerShell\v1.0;C:\WINDOWS\System32\OpenSSH;C:\Users\mimhe;C:\MinGW\bin;C:\Program Files\Microsoft VS Code\bin;C:\Program Files\Microsoft SQL Server\150\Tools\Binn;C:\Program Files\dotnet;C:\Program Files\Git\cmd;C:\Program Files\nodejs;C:\Program Files\NVIDIA Corporation\NVIDIA NvDLISR;C:\Users\mimhe\AppData\Local\Microsoft\WindowsApps;C:\MinGW\bin;C:\Program Files\JetBrains\PyCharm Community Edition 2021.3.2\bin;C:\Program Files\JetBrains\IntelliJ IDEA 2021.3.2\bin;C:\Users\mimhe\AppData\Local\GitHubDesktop\bin;C:\Users\mimhe\AppData\Roaming\npm;C:\modeltech64_2020.4\win64;C:\intelFPGA\20.1\modelsim_ase\win32aloem
USERNAME=mimhe
DISPLAY=:0.0
LC_ALL=en_US.UTF-8
TERM=xterm-256color
TMPDIR=C:\Users\mimhe\AppData\Local\Temp
OS=Windows_NT
PROCESSOR_IDENTIFIER=Intel64 Family 6 Model 140 Stepping 1, GenuineIntel
TMP=C:\Users\mimhe\AppData\Local\Temp
TEMP=C:\Users\mimhe\AppData\Local\Temp


JNI global refs:

[error occurred during error reporting (JNI global references), id 0xc0000005, EXCEPTION_ACCESS_VIOLATION (0xc0000005) at pc=0x00007ffcec617a10]


---------------  S Y S T E M  ---------------

OS:
 Windows 11 , 64 bit Build 22000 (10.0.22000.1880)
OS uptime: 15 days 21:26 hours
Hyper-V role detected

CPU: total 8 (initial active 8) (4 cores per cpu, 2 threads per core) family 6 model 140 stepping 1 microcode 0xa6, cx8, cmov, fxsr, ht, mmx, 3dnowpref, sse, sse2, sse3, ssse3, sse4.1, sse4.2, popcnt, lzcnt, tsc, tscinvbit, avx, avx2, aes, erms, clmul, bmi1, bmi2, adx, avx512f, avx512dq, avx512cd, avx512bw, avx512vl, sha, fma, vzeroupper, avx512_vpopcntdq, avx512_vpclmulqdq, avx512_vaes, avx512_vnni, clflush, clflushopt, clwb, avx512_vbmi2, avx512_vbmi, hv

Memory: 4k page, system-wide physical 7975M (625M free)
TotalPageFile size 16971M (AvailPageFile size 110M)
current process WorkingSet (physical memory assigned to process): 11M, peak: 11M
current process commit charge ("private bytes"): 60M, peak: 186M

vm_info: OpenJDK 64-Bit Server VM (17.0.6+10-b829.9) for windows-amd64 JRE (17.0.6+10-b829.9), built on 2023-04-09 by "builduser" with MS VC++ 16.10 / 16.11 (VS2019)

END.
